<?xml version="1.0" encoding="UTF-8"?>
<!-- Generated by org.testng.reporters.JUnitXMLReporter -->
<testsuite ignored="0" hostname="LAPTOP-3J09PEL2" failures="0" tests="3" name="Default test" time="26.31" errors="0" timestamp="2023-09-23T19:49:30 IST">
  <testcase classname="Tests.FaceBookLogin" name="urLValidation" time="6.792"/>
  <testcase classname="Tests.FaceBookLogin" name="contentValidation" time="5.667"/>
  <testcase classname="Tests.FaceBookLogin" name="titleValidation" time="6.741"/>
</testsuite> <!-- Default test -->
