<?xml version="1.0" encoding="UTF-8"?>
<!-- Generated by org.testng.reporters.JUnitXMLReporter -->
<testsuite ignored="0" hostname="LAPTOP-3J09PEL2" failures="0" tests="3" name="Test" time="28.344" errors="0" timestamp="2023-09-23T19:53:37 IST">
  <testcase classname="Tests.AzureSampleTest" name="urLValidation" time="8.939"/>
  <testcase classname="Tests.AzureSampleTest" name="titleValidation" time="6.825"/>
  <testcase classname="Tests.AzureSampleTest" name="contentValidation" time="8.792"/>
</testsuite> <!-- Test -->
