<?xml version="1.0" encoding="UTF-8"?>
<!-- Generated by org.testng.reporters.JUnitXMLReporter -->
<testsuite ignored="0" hostname="LAPTOP-3J09PEL2" failures="1" tests="3" name="Test" time="3.616" errors="0" timestamp="2023-09-24T23:49:37 IST">
  <testcase classname="Tests.AzureSampleTest" name="urLValidation" time="1.061"/>
  <testcase classname="Tests.AzureSampleTest" name="titleValidation" time="0.018"/>
  <testcase classname="Tests.AzureSampleTest" name="contentValidation" time="0.066">
    <failure type="java.lang.AssertionError" message="expected [Shreyas Kumar P] but found [Shreyas Kumar P
This website is hosted on the apache tomcat server which is on linux machine. Here we will learn the complete things on how we can deploy the war files to the apache tom cat server.To deploy a WAR (Web Application Archive) file on a server like Apache Tomcat, place the WAR file in the server&amp;apos;s designated deployment directory, and the server will automatically extract and host the web application. Once the WAR file is deployed, the server initializes the web application, setting up its resources and components, making it accessible via its assigned URL.]">
      <![CDATA[java.lang.AssertionError: expected [Shreyas Kumar P] but found [Shreyas Kumar P
This website is hosted on the apache tomcat server which is on linux machine. Here we will learn the complete things on how we can deploy the war files to the apache tom cat server.To deploy a WAR (Web Application Archive) file on a server like Apache Tomcat, place the WAR file in the server's designated deployment directory, and the server will automatically extract and host the web application. Once the WAR file is deployed, the server initializes the web application, setting up its resources and components, making it accessible via its assigned URL.]
at Tests.AzureSampleTest.contentValidation(AzureSampleTest.java:40)
at java.base/java.util.concurrent.ThreadPoolExecutor.runWorker(ThreadPoolExecutor.java:1136)
at java.base/java.util.concurrent.ThreadPoolExecutor$Worker.run(ThreadPoolExecutor.java:635)
at java.base/java.lang.Thread.run(Thread.java:833)
... Removed 18 stack frames]]>
    </failure>
  </testcase> <!-- contentValidation -->
</testsuite> <!-- Test -->
