<?xml version="1.0" encoding="UTF-8"?>
<!-- Generated by org.testng.reporters.JUnitXMLReporter -->
<testsuite ignored="1" hostname="LAPTOP-3J09PEL2" failures="0" tests="2" name="Test" time="4.266" errors="0" timestamp="2023-09-25T00:52:45 IST">
  <testcase classname="Tests.AzureSampleTest" name="urLValidation" time="1.066"/>
  <testcase classname="Tests.AzureSampleTest" name="titleValidation" time="0.012"/>
  <testcase classname="Tests.AzureSampleTest" name="contentValidation" time="0.0">
    <ignored/>
  </testcase> <!-- contentValidation -->
</testsuite> <!-- Test -->
