<?xml version="1.0" encoding="UTF-8"?>
<testng-results ignored="1" total="3" passed="2" failed="0" skipped="0">
  <reporter-output>
  </reporter-output>
  <suite started-at="2023-09-25T00:02:22 IST" name="Suite" finished-at="2023-09-25T00:02:26 IST" duration-ms="3960">
    <groups>
    </groups>
    <test started-at="2023-09-25T00:02:22 IST" name="Test" finished-at="2023-09-25T00:02:26 IST" duration-ms="3960">
      <class name="Tests.AzureSampleTest">
        <test-method is-config="true" signature="browserLaunch()[pri:0, instance:Tests.AzureSampleTest@6a192cfe]" started-at="2023-09-25T00:02:22 IST" name="browserLaunch" finished-at="2023-09-25T00:02:25 IST" duration-ms="2554" status="PASS">
          <reporter-output>
          </reporter-output>
        </test-method> <!-- browserLaunch -->
        <test-method signature="urLValidation()[pri:1, instance:Tests.AzureSampleTest@6a192cfe]" started-at="2023-09-25T00:02:25 IST" name="urLValidation" finished-at="2023-09-25T00:02:26 IST" duration-ms="1155" status="PASS">
          <reporter-output>
          </reporter-output>
        </test-method> <!-- urLValidation -->
        <test-method signature="titleValidation()[pri:2, instance:Tests.AzureSampleTest@6a192cfe]" started-at="2023-09-25T00:02:26 IST" name="titleValidation" finished-at="2023-09-25T00:02:26 IST" duration-ms="11" status="PASS">
          <reporter-output>
          </reporter-output>
        </test-method> <!-- titleValidation -->
        <test-method is-config="true" signature="tearDown()[pri:0, instance:Tests.AzureSampleTest@6a192cfe]" started-at="2023-09-25T00:02:26 IST" name="tearDown" finished-at="2023-09-25T00:02:26 IST" duration-ms="206" status="PASS">
          <reporter-output>
          </reporter-output>
        </test-method> <!-- tearDown -->
      </class> <!-- Tests.AzureSampleTest -->
    </test> <!-- Test -->
  </suite> <!-- Suite -->
</testng-results>
